This is pdfTeX, Version 3.14159265-2.6-1.40.20 (TeX Live 2019/Debian) (preloaded format=pdflatex 2022.4.11)  19 MAY 2023 20:26
entering extended mode
 restricted \write18 enabled.
 %&-line parsing enabled.
**1.1.MDP.tex
(./1.1.MDP.tex
LaTeX2e <2020-02-02> patch level 2
L3 programming layer <2020-02-14>
! Undefined control sequence.
l.1 \section
            {–ú–æ–¥–µ–ª—å –≤–∑–∞–∏–º–æ–¥–µ–π—Å—Ç–≤–∏—è –∞–≥–µ–Ω—Ç–∞ —Å–æ —Å—...
The control sequence at the end of the top line
of your error message was never \def'ed. If you have
misspelled it (e.g., `\hobx'), type `I' and the correct
spelling (e.g., `I\hbox'). Otherwise just continue,
and I'll forget about whatever was undefined.


! Package inputenc Error: Unicode character –ú (U+041C)
(inputenc)                not set up for use with LaTeX.

See the inputenc package documentation for explanation.
Type  H <return>  for immediate help.
 ...                                              
                                                  
l.1 \section{–ú
               –æ–¥–µ–ª—å –≤–∑–∞–∏–º–æ–¥–µ–π—Å—Ç–≤–∏—è –∞–≥–µ–Ω—Ç–∞ —Å–æ —Å—...

You may provide a definition with
\DeclareUnicodeCharacter 


! Package inputenc Error: Unicode character –æ (U+043E)
(inputenc)                not set up for use with LaTeX.

See the inputenc package documentation for explanation.
Type  H <return>  for immediate help.
 ...                                              
                                                  
l.1 \section{–ú–æ
                 –¥–µ–ª—å –≤–∑–∞–∏–º–æ–¥–µ–π—Å—Ç–≤–∏—è –∞–≥–µ–Ω—Ç–∞ —Å–æ —Å—...

You may provide a definition with
\DeclareUnicodeCharacter 


! Package inputenc Error: Unicode character –¥ (U+0434)
(inputenc)                not set up for use with LaTeX.

See the inputenc package documentation for explanation.
Type  H <return>  for immediate help.
 ...                                              
                                                  
l.1 \section{–ú–æ–¥
                   –µ–ª—å –≤–∑–∞–∏–º–æ–¥–µ–π—Å—Ç–≤–∏—è –∞–≥–µ–Ω—Ç–∞ —Å–æ —Å—...

You may provide a definition with
\DeclareUnicodeCharacter 


! Package inputenc Error: Unicode character –µ (U+0435)
(inputenc)                not set up for use with LaTeX.

See the inputenc package documentation for explanation.
Type  H <return>  for immediate help.
 ...                                              
                                                  
l.1 \section{–ú–æ–¥–µ
                     –ª—å –≤–∑–∞–∏–º–æ–¥–µ–π—Å—Ç–≤–∏—è –∞–≥–µ–Ω—Ç–∞ —Å–æ —Å—...

You may provide a definition with
\DeclareUnicodeCharacter 


! Package inputenc Error: Unicode character –ª (U+043B)
(inputenc)                not set up for use with LaTeX.

See the inputenc package documentation for explanation.
Type  H <return>  for immediate help.
 ...                                              
                                                  
l.1 \section{–ú–æ–¥–µ–ª
                       —å –≤–∑–∞–∏–º–æ–¥–µ–π—Å—Ç–≤–∏—è –∞–≥–µ–Ω—Ç–∞ —Å–æ —Å—...

You may provide a definition with
\DeclareUnicodeCharacter 


! Package inputenc Error: Unicode character —å (U+044C)
(inputenc)                not set up for use with LaTeX.

See the inputenc package documentation for explanation.
Type  H <return>  for immediate help.
 ...                                              
                                                  
l.1 \section{–ú–æ–¥–µ–ª—å
                          –≤–∑–∞–∏–º–æ–¥–µ–π—Å—Ç–≤–∏—è –∞–≥–µ–Ω—Ç–∞ —Å–æ —Å—...

You may provide a definition with
\DeclareUnicodeCharacter 


! Package inputenc Error: Unicode character –≤ (U+0432)
(inputenc)                not set up for use with LaTeX.

See the inputenc package documentation for explanation.
Type  H <return>  for immediate help.
 ...                                              
                                                  
l.1 \section{–ú–æ–¥–µ–ª—å –≤
                            –∑–∞–∏–º–æ–¥–µ–π—Å—Ç–≤–∏—è –∞–≥–µ–Ω—Ç–∞ —Å–æ —Å—...

You may provide a definition with
\DeclareUnicodeCharacter 


! Package inputenc Error: Unicode character –∑ (U+0437)
(inputenc)                not set up for use with LaTeX.

See the inputenc package documentation for explanation.
Type  H <return>  for immediate help.
 ...                                              
                                                  
l.1 \section{–ú–æ–¥–µ–ª—å –≤–∑
                              –∞–∏–º–æ–¥–µ–π—Å—Ç–≤–∏—è –∞–≥–µ–Ω—Ç–∞ —Å–æ —Å—...

You may provide a definition with
\DeclareUnicodeCharacter 


! Package inputenc Error: Unicode character –∞ (U+0430)
(inputenc)                not set up for use with LaTeX.

See the inputenc package documentation for explanation.
Type  H <return>  for immediate help.
 ...                                              
                                                  
l.1 \section{–ú–æ–¥–µ–ª—å –≤–∑–∞
                                –∏–º–æ–¥–µ–π—Å—Ç–≤–∏—è –∞–≥–µ–Ω—Ç–∞ —Å–æ —Å—...

You may provide a definition with
\DeclareUnicodeCharacter 


! Package inputenc Error: Unicode character –∏ (U+0438)
(inputenc)                not set up for use with LaTeX.

See the inputenc package documentation for explanation.
Type  H <return>  for immediate help.
 ...                                              
                                                  
l.1 \section{–ú–æ–¥–µ–ª—å –≤–∑–∞–∏
                                  –º–æ–¥–µ–π—Å—Ç–≤–∏—è –∞–≥–µ–Ω—Ç–∞ —Å–æ —Å—...

You may provide a definition with
\DeclareUnicodeCharacter 


! Package inputenc Error: Unicode character –º (U+043C)
(inputenc)                not set up for use with LaTeX.

See the inputenc package documentation for explanation.
Type  H <return>  for immediate help.
 ...                                              
                                                  
l.1 \section{–ú–æ–¥–µ–ª—å –≤–∑–∞–∏–º
                                    –æ–¥–µ–π—Å—Ç–≤–∏—è –∞–≥–µ–Ω—Ç–∞ —Å–æ —Å—...

You may provide a definition with
\DeclareUnicodeCharacter 


! Package inputenc Error: Unicode character –æ (U+043E)
(inputenc)                not set up for use with LaTeX.

See the inputenc package documentation for explanation.
Type  H <return>  for immediate help.
 ...                                              
                                                  
l.1 \section{–ú–æ–¥–µ–ª—å –≤–∑–∞–∏–º–æ
                                      –¥–µ–π—Å—Ç–≤–∏—è –∞–≥–µ–Ω—Ç–∞ —Å–æ —Å—...

You may provide a definition with
\DeclareUnicodeCharacter 


! Package inputenc Error: Unicode character –¥ (U+0434)
(inputenc)                not set up for use with LaTeX.

See the inputenc package documentation for explanation.
Type  H <return>  for immediate help.
 ...                                              
                                                  
l.1 \section{–ú–æ–¥–µ–ª—å –≤–∑–∞–∏–º–æ–¥
                                        –µ–π—Å—Ç–≤–∏—è –∞–≥–µ–Ω—Ç–∞ —Å–æ —Å—...

You may provide a definition with
\DeclareUnicodeCharacter 


! Package inputenc Error: Unicode character –µ (U+0435)
(inputenc)                not set up for use with LaTeX.

See the inputenc package documentation for explanation.
Type  H <return>  for immediate help.
 ...                                              
                                                  
l.1 \section{–ú–æ–¥–µ–ª—å –≤–∑–∞–∏–º–æ–¥–µ
                                          –π—Å—Ç–≤–∏—è –∞–≥–µ–Ω—Ç–∞ —Å–æ —Å—...

You may provide a definition with
\DeclareUnicodeCharacter 


! Package inputenc Error: Unicode character –π (U+0439)
(inputenc)                not set up for use with LaTeX.

See the inputenc package documentation for explanation.
Type  H <return>  for immediate help.
 ...                                              
                                                  
l.1 \section{–ú–æ–¥–µ–ª—å –≤–∑–∞–∏–º–æ–¥–µ–π
                                            —Å—Ç–≤–∏—è –∞–≥–µ–Ω—Ç–∞ —Å–æ —Å—...

You may provide a definition with
\DeclareUnicodeCharacter 


! Package inputenc Error: Unicode character —Å (U+0441)
(inputenc)                not set up for use with LaTeX.

See the inputenc package documentation for explanation.
Type  H <return>  for immediate help.
 ...                                              
                                                  
l.1 \section{–ú–æ–¥–µ–ª—å –≤–∑–∞–∏–º–æ–¥–µ–π—Å
                                              —Ç–≤–∏—è –∞–≥–µ–Ω—Ç–∞ —Å–æ —Å—...

You may provide a definition with
\DeclareUnicodeCharacter 


! Package inputenc Error: Unicode character —Ç (U+0442)
(inputenc)                not set up for use with LaTeX.

See the inputenc package documentation for explanation.
Type  H <return>  for immediate help.
 ...                                              
                                                  
l.1 \section{–ú–æ–¥–µ–ª—å –≤–∑–∞–∏–º–æ–¥–µ–π—Å—Ç
                                                –≤–∏—è –∞–≥–µ–Ω—Ç–∞ —Å–æ —Å—...

You may provide a definition with
\DeclareUnicodeCharacter 


! Package inputenc Error: Unicode character –≤ (U+0432)
(inputenc)                not set up for use with LaTeX.

See the inputenc package documentation for explanation.
Type  H <return>  for immediate help.
 ...                                              
                                                  
l.1 \section{–ú–æ–¥–µ–ª—å –≤–∑–∞–∏–º–æ–¥–µ–π—Å—Ç–≤
                                                  –∏—è –∞–≥–µ–Ω—Ç–∞ —Å–æ —Å—...

You may provide a definition with
\DeclareUnicodeCharacter 


! Package inputenc Error: Unicode character –∏ (U+0438)
(inputenc)                not set up for use with LaTeX.

See the inputenc package documentation for explanation.
Type  H <return>  for immediate help.
 ...                                              
                                                  
l.1 ...ion{–ú–æ–¥–µ–ª—å –≤–∑–∞–∏–º–æ–¥–µ–π—Å—Ç–≤–∏
                                                  —è –∞–≥–µ–Ω—Ç–∞ —Å–æ —Å—Ä–...

You may provide a definition with
\DeclareUnicodeCharacter 


! Package inputenc Error: Unicode character —è (U+044F)
(inputenc)                not set up for use with LaTeX.

See the inputenc package documentation for explanation.
Type  H <return>  for immediate help.
 ...                                              
                                                  
l.1 ...n{–ú–æ–¥–µ–ª—å –≤–∑–∞–∏–º–æ–¥–µ–π—Å—Ç–≤–∏—è
                                                   –∞–≥–µ–Ω—Ç–∞ —Å–æ —Å—Ä–µ–...

You may provide a definition with
\DeclareUnicodeCharacter 


! Package inputenc Error: Unicode character –∞ (U+0430)
(inputenc)                not set up for use with LaTeX.

See the inputenc package documentation for explanation.
Type  H <return>  for immediate help.
 ...                                              
                                                  
l.1 ...ú–æ–¥–µ–ª—å –≤–∑–∞–∏–º–æ–¥–µ–π—Å—Ç–≤–∏—è –∞
                                                  –≥–µ–Ω—Ç–∞ —Å–æ —Å—Ä–µ–¥–æ–π}

You may provide a definition with
\DeclareUnicodeCharacter 


! Package inputenc Error: Unicode character –≥ (U+0433)
(inputenc)                not set up for use with LaTeX.

See the inputenc package documentation for explanation.
Type  H <return>  for immediate help.
 ...                                              
                                                  
l.1 ...æ–¥–µ–ª—å –≤–∑–∞–∏–º–æ–¥–µ–π—Å—Ç–≤–∏—è –∞–≥
                                                  –µ–Ω—Ç–∞ —Å–æ —Å—Ä–µ–¥–æ–π}
You may provide a definition with
\DeclareUnicodeCharacter 


! Package inputenc Error: Unicode character –µ (U+0435)
(inputenc)                not set up for use with LaTeX.

See the inputenc package documentation for explanation.
Type  H <return>  for immediate help.
 ...                                              
                                                  
l.1 ...¥–µ–ª—å –≤–∑–∞–∏–º–æ–¥–µ–π—Å—Ç–≤–∏—è –∞–≥–µ
                                                  –Ω—Ç–∞ —Å–æ —Å—Ä–µ–¥–æ–π}
You may provide a definition with
\DeclareUnicodeCharacter 


! Package inputenc Error: Unicode character –Ω (U+043D)
(inputenc)                not set up for use with LaTeX.

See the inputenc package documentation for explanation.
Type  H <return>  for immediate help.
 ...                                              
                                                  
l.1 ...µ–ª—å –≤–∑–∞–∏–º–æ–¥–µ–π—Å—Ç–≤–∏—è –∞–≥–µ–Ω
                                                  —Ç–∞ —Å–æ —Å—Ä–µ–¥–æ–π}
You may provide a definition with
\DeclareUnicodeCharacter 


! Package inputenc Error: Unicode character —Ç (U+0442)
(inputenc)                not set up for use with LaTeX.

See the inputenc package documentation for explanation.
Type  H <return>  for immediate help.
 ...                                              
                                                  
l.1 ...ª—å –≤–∑–∞–∏–º–æ–¥–µ–π—Å—Ç–≤–∏—è –∞–≥–µ–Ω—Ç
                                                  –∞ —Å–æ —Å—Ä–µ–¥–æ–π}
You may provide a definition with
\DeclareUnicodeCharacter 


! Package inputenc Error: Unicode character –∞ (U+0430)
(inputenc)                not set up for use with LaTeX.

See the inputenc package documentation for explanation.
Type  H <return>  for immediate help.
 ...                                              
                                                  
l.1 ...å –≤–∑–∞–∏–º–æ–¥–µ–π—Å—Ç–≤–∏—è –∞–≥–µ–Ω—Ç–∞
                                                   —Å–æ —Å—Ä–µ–¥–æ–π}
You may provide a definition with
\DeclareUnicodeCharacter 


! Package inputenc Error: Unicode character —Å (U+0441)
(inputenc)                not set up for use with LaTeX.

See the inputenc package documentation for explanation.
Type  H <return>  for immediate help.
 ...                                              
                                                  
l.1 ...≤–∑–∞–∏–º–æ–¥–µ–π—Å—Ç–≤–∏—è –∞–≥–µ–Ω—Ç–∞ —Å
                                                  –æ —Å—Ä–µ–¥–æ–π}
You may provide a definition with
\DeclareUnicodeCharacter 


! Package inputenc Error: Unicode character –æ (U+043E)
(inputenc)                not set up for use with LaTeX.

See the inputenc package documentation for explanation.
Type  H <return>  for immediate help.
 ...                                              
                                                  
l.1 ...∑–∞–∏–º–æ–¥–µ–π—Å—Ç–≤–∏—è –∞–≥–µ–Ω—Ç–∞ —Å–æ
                                                   —Å—Ä–µ–¥–æ–π}
You may provide a definition with
\DeclareUnicodeCharacter 


! Package inputenc Error: Unicode character —Å (U+0441)
(inputenc)                not set up for use with LaTeX.

See the inputenc package documentation for explanation.
Type  H <return>  for immediate help.
 ...                                              
                                                  
l.1 ...–∏–º–æ–¥–µ–π—Å—Ç–≤–∏—è –∞–≥–µ–Ω—Ç–∞ —Å–æ —Å
                                                  —Ä–µ–¥–æ–π}
You may provide a definition with
\DeclareUnicodeCharacter 


! Package inputenc Error: Unicode character —Ä (U+0440)
(inputenc)                not set up for use with LaTeX.

See the inputenc package documentation for explanation.
Type  H <return>  for immediate help.
 ...                                              
                                                  
l.1 ...–º–æ–¥–µ–π—Å—Ç–≤–∏—è –∞–≥–µ–Ω—Ç–∞ —Å–æ —Å—Ä
                                                  –µ–¥–æ–π}
You may provide a definition with
\DeclareUnicodeCharacter 


! Package inputenc Error: Unicode character –µ (U+0435)
(inputenc)                not set up for use with LaTeX.

See the inputenc package documentation for explanation.
Type  H <return>  for immediate help.
 ...                                              
                                                  
l.1 ...–æ–¥–µ–π—Å—Ç–≤–∏—è –∞–≥–µ–Ω—Ç–∞ —Å–æ —Å—Ä–µ
                                                  –¥–æ–π}
You may provide a definition with
\DeclareUnicodeCharacter 


! Package inputenc Error: Unicode character –¥ (U+0434)
(inputenc)                not set up for use with LaTeX.

See the inputenc package documentation for explanation.
Type  H <return>  for immediate help.
 ...                                              
                                                  
l.1 ...–¥–µ–π—Å—Ç–≤–∏—è –∞–≥–µ–Ω—Ç–∞ —Å–æ —Å—Ä–µ–¥
                                                  –æ–π}
You may provide a definition with
\DeclareUnicodeCharacter 


! Package inputenc Error: Unicode character –æ (U+043E)
(inputenc)                not set up for use with LaTeX.

See the inputenc package documentation for explanation.
Type  H <return>  for immediate help.
 ...                                              
                                                  
l.1 ...–µ–π—Å—Ç–≤–∏—è –∞–≥–µ–Ω—Ç–∞ —Å–æ —Å—Ä–µ–¥–æ
                                                  –π}
You may provide a definition with
\DeclareUnicodeCharacter 


! Package inputenc Error: Unicode character –π (U+0439)
(inputenc)                not set up for use with LaTeX.

See the inputenc package documentation for explanation.
Type  H <return>  for immediate help.
 ...                                              
                                                  
l.1 ...–π—Å—Ç–≤–∏—è –∞–≥–µ–Ω—Ç–∞ —Å–æ —Å—Ä–µ–¥–æ–π
                                                  }
You may provide a definition with
\DeclareUnicodeCharacter 

! Undefined control sequence.
l.3 \subsection
               {–°—Ä–µ–¥–∞}
The control sequence at the end of the top line
of your error message was never \def'ed. If you have
misspelled it (e.g., `\hobx'), type `I' and the correct
spelling (e.g., `I\hbox'). Otherwise just continue,
and I'll forget about whatever was undefined.


! Package inputenc Error: Unicode character –° (U+0421)
(inputenc)                not set up for use with LaTeX.

See the inputenc package documentation for explanation.
Type  H <return>  for immediate help.
 ...                                              
                                                  
l.3 \subsection{–°
                  —Ä–µ–¥–∞}
You may provide a definition with
\DeclareUnicodeCharacter 


! Package inputenc Error: Unicode character —Ä (U+0440)
(inputenc)                not set up for use with LaTeX.

See the inputenc package documentation for explanation.
Type  H <return>  for immediate help.
 ...                                              
                                                  
l.3 \subsection{–°—Ä
                    –µ–¥–∞}
You may provide a definition with
\DeclareUnicodeCharacter 


! Package inputenc Error: Unicode character –µ (U+0435)
(inputenc)                not set up for use with LaTeX.

See the inputenc package documentation for explanation.
Type  H <return>  for immediate help.
 ...                                              
                                                  
l.3 \subsection{–°—Ä–µ
                      –¥–∞}
You may provide a definition with
\DeclareUnicodeCharacter 


! Package inputenc Error: Unicode character –¥ (U+0434)
(inputenc)                not set up for use with LaTeX.

See the inputenc package documentation for explanation.
Type  H <return>  for immediate help.
 ...                                              
                                                  
l.3 \subsection{–°—Ä–µ–¥
                        –∞}
You may provide a definition with
\DeclareUnicodeCharacter 


! Package inputenc Error: Unicode character –∞ (U+0430)
(inputenc)                not set up for use with LaTeX.

See the inputenc package documentation for explanation.
Type  H <return>  for immediate help.
 ...                                              
                                                  
l.3 \subsection{–°—Ä–µ–¥–∞
                          }
You may provide a definition with
\DeclareUnicodeCharacter 


! Package inputenc Error: Unicode character –ö (U+041A)
(inputenc)                not set up for use with LaTeX.

See the inputenc package documentation for explanation.
Type  H <return>  for immediate help.
 ...                                              
                                                  
l.5 –ö
      –∞–∫ –∏ –≤ –æ–ø—Ç–∏–º–∞–ª—å–Ω–æ–º —É–ø—Ä–∞–≤–ª–µ–Ω–∏–∏, –¥–ª—è –º–æ–¥–...

You may provide a definition with
\DeclareUnicodeCharacter 


! Package inputenc Error: Unicode character –∞ (U+0430)
(inputenc)                not set up for use with LaTeX.

See the inputenc package documentation for explanation.
Type  H <return>  for immediate help.
 ...                                              
                                                  
l.5 –ö–∞
        –∫ –∏ –≤ –æ–ø—Ç–∏–º–∞–ª—å–Ω–æ–º —É–ø—Ä–∞–≤–ª–µ–Ω–∏–∏, –¥–ª—è –º–æ–¥–...

You may provide a definition with
\DeclareUnicodeCharacter 


! Package inputenc Error: Unicode character –∫ (U+043A)
(inputenc)                not set up for use with LaTeX.

See the inputenc package documentation for explanation.
Type  H <return>  for immediate help.
 ...                                              
                                                  
l.5 –ö–∞–∫
           –∏ –≤ –æ–ø—Ç–∏–º–∞–ª—å–Ω–æ–º —É–ø—Ä–∞–≤–ª–µ–Ω–∏–∏, –¥–ª—è –º–æ–¥–...

You may provide a definition with
\DeclareUnicodeCharacter 


! Package inputenc Error: Unicode character –∏ (U+0438)
(inputenc)                not set up for use with LaTeX.

See the inputenc package documentation for explanation.
Type  H <return>  for immediate help.
 ...                                              
                                                  
l.5 –ö–∞–∫ –∏
              –≤ –æ–ø—Ç–∏–º–∞–ª—å–Ω–æ–º —É–ø—Ä–∞–≤–ª–µ–Ω–∏–∏, –¥–ª—è –º–æ–¥–...

You may provide a definition with
\DeclareUnicodeCharacter 


! Package inputenc Error: Unicode character –≤ (U+0432)
(inputenc)                not set up for use with LaTeX.

See the inputenc package documentation for explanation.
Type  H <return>  for immediate help.
 ...                                              
                                                  
l.5 –ö–∞–∫ –∏ –≤
                 –æ–ø—Ç–∏–º–∞–ª—å–Ω–æ–º —É–ø—Ä–∞–≤–ª–µ–Ω–∏–∏, –¥–ª—è –º–æ–¥–...

You may provide a definition with
\DeclareUnicodeCharacter 


! Package inputenc Error: Unicode character –æ (U+043E)
(inputenc)                not set up for use with LaTeX.

See the inputenc package documentation for explanation.
Type  H <return>  for immediate help.
 ...                                              
                                                  
l.5 –ö–∞–∫ –∏ –≤ –æ
                   –ø—Ç–∏–º–∞–ª—å–Ω–æ–º —É–ø—Ä–∞–≤–ª–µ–Ω–∏–∏, –¥–ª—è –º–æ–¥–...

You may provide a definition with
\DeclareUnicodeCharacter 


! Package inputenc Error: Unicode character –ø (U+043F)
(inputenc)                not set up for use with LaTeX.

See the inputenc package documentation for explanation.
Type  H <return>  for immediate help.
 ...                                              
                                                  
l.5 –ö–∞–∫ –∏ –≤ –æ–ø
                     —Ç–∏–º–∞–ª—å–Ω–æ–º —É–ø—Ä–∞–≤–ª–µ–Ω–∏–∏, –¥–ª—è –º–æ–¥–...

You may provide a definition with
\DeclareUnicodeCharacter 


! Package inputenc Error: Unicode character —Ç (U+0442)
(inputenc)                not set up for use with LaTeX.

See the inputenc package documentation for explanation.
Type  H <return>  for immediate help.
 ...                                              
                                                  
l.5 –ö–∞–∫ –∏ –≤ –æ–ø—Ç
                       –∏–º–∞–ª—å–Ω–æ–º —É–ø—Ä–∞–≤–ª–µ–Ω–∏–∏, –¥–ª—è –º–æ–¥–...

You may provide a definition with
\DeclareUnicodeCharacter 


! Package inputenc Error: Unicode character –∏ (U+0438)
(inputenc)                not set up for use with LaTeX.

See the inputenc package documentation for explanation.
Type  H <return>  for immediate help.
 ...                                              
                                                  
l.5 –ö–∞–∫ –∏ –≤ –æ–ø—Ç–∏
                         –º–∞–ª—å–Ω–æ–º —É–ø—Ä–∞–≤–ª–µ–Ω–∏–∏, –¥–ª—è –º–æ–¥–...

You may provide a definition with
\DeclareUnicodeCharacter 


! Package inputenc Error: Unicode character –º (U+043C)
(inputenc)                not set up for use with LaTeX.

See the inputenc package documentation for explanation.
Type  H <return>  for immediate help.
 ...                                              
                                                  
l.5 –ö–∞–∫ –∏ –≤ –æ–ø—Ç–∏–º
                           –∞–ª—å–Ω–æ–º —É–ø—Ä–∞–≤–ª–µ–Ω–∏–∏, –¥–ª—è –º–æ–¥–...

You may provide a definition with
\DeclareUnicodeCharacter 


! Package inputenc Error: Unicode character –∞ (U+0430)
(inputenc)                not set up for use with LaTeX.

See the inputenc package documentation for explanation.
Type  H <return>  for immediate help.
 ...                                              
                                                  
l.5 –ö–∞–∫ –∏ –≤ –æ–ø—Ç–∏–º–∞
                             –ª—å–Ω–æ–º —É–ø—Ä–∞–≤–ª–µ–Ω–∏–∏, –¥–ª—è –º–æ–¥–...

You may provide a definition with
\DeclareUnicodeCharacter 


! Package inputenc Error: Unicode character –ª (U+043B)
(inputenc)                not set up for use with LaTeX.

See the inputenc package documentation for explanation.
Type  H <return>  for immediate help.
 ...                                              
                                                  
l.5 –ö–∞–∫ –∏ –≤ –æ–ø—Ç–∏–º–∞–ª
                               —å–Ω–æ–º —É–ø—Ä–∞–≤–ª–µ–Ω–∏–∏, –¥–ª—è –º–æ–¥–...

You may provide a definition with
\DeclareUnicodeCharacter 


! Package inputenc Error: Unicode character —å (U+044C)
(inputenc)                not set up for use with LaTeX.

See the inputenc package documentation for explanation.
Type  H <return>  for immediate help.
 ...                                              
                                                  
l.5 –ö–∞–∫ –∏ –≤ –æ–ø—Ç–∏–º–∞–ª—å
                                 –Ω–æ–º —É–ø—Ä–∞–≤–ª–µ–Ω–∏–∏, –¥–ª—è –º–æ–¥–...

You may provide a definition with
\DeclareUnicodeCharacter 


! Package inputenc Error: Unicode character –Ω (U+043D)
(inputenc)                not set up for use with LaTeX.

See the inputenc package documentation for explanation.
Type  H <return>  for immediate help.
 ...                                              
                                                  
l.5 –ö–∞–∫ –∏ –≤ –æ–ø—Ç–∏–º–∞–ª—å–Ω
                                   –æ–º —É–ø—Ä–∞–≤–ª–µ–Ω–∏–∏, –¥–ª—è –º–æ–¥–...

You may provide a definition with
\DeclareUnicodeCharacter 


! Package inputenc Error: Unicode character –æ (U+043E)
(inputenc)                not set up for use with LaTeX.

See the inputenc package documentation for explanation.
Type  H <return>  for immediate help.
 ...                                              
                                                  
l.5 –ö–∞–∫ –∏ –≤ –æ–ø—Ç–∏–º–∞–ª—å–Ω–æ
                                     –º —É–ø—Ä–∞–≤–ª–µ–Ω–∏–∏, –¥–ª—è –º–æ–¥–...

You may provide a definition with
\DeclareUnicodeCharacter 


! Package inputenc Error: Unicode character –º (U+043C)
(inputenc)                not set up for use with LaTeX.

See the inputenc package documentation for explanation.
Type  H <return>  for immediate help.
 ...                                              
                                                  
l.5 –ö–∞–∫ –∏ –≤ –æ–ø—Ç–∏–º–∞–ª—å–Ω–æ–º
                                        —É–ø—Ä–∞–≤–ª–µ–Ω–∏–∏, –¥–ª—è –º–æ–¥–...

You may provide a definition with
\DeclareUnicodeCharacter 


! Package inputenc Error: Unicode character —É (U+0443)
(inputenc)                not set up for use with LaTeX.

See the inputenc package documentation for explanation.
Type  H <return>  for immediate help.
 ...                                              
                                                  
l.5 –ö–∞–∫ –∏ –≤ –æ–ø—Ç–∏–º–∞–ª—å–Ω–æ–º —É
                                          –ø—Ä–∞–≤–ª–µ–Ω–∏–∏, –¥–ª—è –º–æ–¥–...

You may provide a definition with
\DeclareUnicodeCharacter 


! Package inputenc Error: Unicode character –ø (U+043F)
(inputenc)                not set up for use with LaTeX.

See the inputenc package documentation for explanation.
Type  H <return>  for immediate help.
 ...                                              
                                                  
l.5 –ö–∞–∫ –∏ –≤ –æ–ø—Ç–∏–º–∞–ª—å–Ω–æ–º —É–ø
                                            —Ä–∞–≤–ª–µ–Ω–∏–∏, –¥–ª—è –º–æ–¥–...

You may provide a definition with
\DeclareUnicodeCharacter 


! Package inputenc Error: Unicode character —Ä (U+0440)
(inputenc)                not set up for use with LaTeX.

See the inputenc package documentation for explanation.
Type  H <return>  for immediate help.
 ...                                              
                                                  
l.5 –ö–∞–∫ –∏ –≤ –æ–ø—Ç–∏–º–∞–ª—å–Ω–æ–º —É–ø—Ä
                                              –∞–≤–ª–µ–Ω–∏–∏, –¥–ª—è –º–æ–¥–...

You may provide a definition with
\DeclareUnicodeCharacter 


! Package inputenc Error: Unicode character –∞ (U+0430)
(inputenc)                not set up for use with LaTeX.

See the inputenc package documentation for explanation.
Type  H <return>  for immediate help.
 ...                                              
                                                  
l.5 –ö–∞–∫ –∏ –≤ –æ–ø—Ç–∏–º–∞–ª—å–Ω–æ–º —É–ø—Ä–∞
                                                –≤–ª–µ–Ω–∏–∏, –¥–ª—è –º–æ–¥–...

You may provide a definition with
\DeclareUnicodeCharacter 


! Package inputenc Error: Unicode character –≤ (U+0432)
(inputenc)                not set up for use with LaTeX.

See the inputenc package documentation for explanation.
Type  H <return>  for immediate help.
 ...                                              
                                                  
l.5 –ö–∞–∫ –∏ –≤ –æ–ø—Ç–∏–º–∞–ª—å–Ω–æ–º —É–ø—Ä–∞–≤
                                                  –ª–µ–Ω–∏–∏, –¥–ª—è –º–æ–¥–...

You may provide a definition with
\DeclareUnicodeCharacter 


! Package inputenc Error: Unicode character –ª (U+043B)
(inputenc)                not set up for use with LaTeX.

See the inputenc package documentation for explanation.
Type  H <return>  for immediate help.
 ...                                              
                                                  
l.5 ...∫ –∏ –≤ –æ–ø—Ç–∏–º–∞–ª—å–Ω–æ–º —É–ø—Ä–∞–≤–ª
                                                  –µ–Ω–∏–∏, –¥–ª—è –º–æ–¥–µ–...

You may provide a definition with
\DeclareUnicodeCharacter 


! Package inputenc Error: Unicode character –µ (U+0435)
(inputenc)                not set up for use with LaTeX.

See the inputenc package documentation for explanation.
Type  H <return>  for immediate help.
 ...                                              
                                                  
l.5 ...–∏ –≤ –æ–ø—Ç–∏–º–∞–ª—å–Ω–æ–º —É–ø—Ä–∞–≤–ª–µ
                                                  –Ω–∏–∏, –¥–ª—è –º–æ–¥–µ–ª–...

You may provide a definition with
\DeclareUnicodeCharacter 


! Package inputenc Error: Unicode character –Ω (U+043D)
(inputenc)                not set up for use with LaTeX.

See the inputenc package documentation for explanation.
Type  H <return>  for immediate help.
 ...                                              
                                                  
l.5 ... –≤ –æ–ø—Ç–∏–º–∞–ª—å–Ω–æ–º —É–ø—Ä–∞–≤–ª–µ–Ω
                                                  –∏–∏, –¥–ª—è –º–æ–¥–µ–ª–∏—...

You may provide a definition with
\DeclareUnicodeCharacter 


! Package inputenc Error: Unicode character –∏ (U+0438)
(inputenc)                not set up for use with LaTeX.

See the inputenc package documentation for explanation.
Type  H <return>  for immediate help.
 ...                                              
                                                  
l.5 ...≤ –æ–ø—Ç–∏–º–∞–ª—å–Ω–æ–º —É–ø—Ä–∞–≤–ª–µ–Ω–∏
                                                  –∏, –¥–ª—è –º–æ–¥–µ–ª–∏—Ä–...

You may provide a definition with
\DeclareUnicodeCharacter 


! Package inputenc Error: Unicode character –∏ (U+0438)
(inputenc)                not set up for use with LaTeX.

See the inputenc package documentation for explanation.
Type  H <return>  for immediate help.
 ...                                              
                                                  
l.5 ...–æ–ø—Ç–∏–º–∞–ª—å–Ω–æ–º —É–ø—Ä–∞–≤–ª–µ–Ω–∏–∏
                                                  , –¥–ª—è –º–æ–¥–µ–ª–∏—Ä–æ–...

You may provide a definition with
\DeclareUnicodeCharacter 


! LaTeX Error: Missing \begin{document}.

See the LaTeX manual or LaTeX Companion for explanation.
Type  H <return>  for immediate help.
 ...                                              
                                                  
l.5 ...æ–ø—Ç–∏–º–∞–ª—å–Ω–æ–º —É–ø—Ä–∞–≤–ª–µ–Ω–∏–∏,
                                                   –¥–ª—è –º–æ–¥–µ–ª–∏—Ä–æ–≤...

You're in trouble here.  Try typing  <return>  to proceed.
If that doesn't work, type  X <return>  to quit.

Missing character: There is no , in font nullfont!

! Package inputenc Error: Unicode character –¥ (U+0434)
(inputenc)                not set up for use with LaTeX.

See the inputenc package documentation for explanation.
Type  H <return>  for immediate help.
 ...                                              
                                                  
l.5 ...—Ç–∏–º–∞–ª—å–Ω–æ–º —É–ø—Ä–∞–≤–ª–µ–Ω–∏–∏, –¥
                                                  –ª—è –º–æ–¥–µ–ª–∏—Ä–æ–≤–∞–...

You may provide a definition with
\DeclareUnicodeCharacter 


! Package inputenc Error: Unicode character –ª (U+043B)
(inputenc)                not set up for use with LaTeX.

See the inputenc package documentation for explanation.
Type  H <return>  for immediate help.
 ...                                              
                                                  
l.5 ...–∏–º–∞–ª—å–Ω–æ–º —É–ø—Ä–∞–≤–ª–µ–Ω–∏–∏, –¥–ª
                                                  —è –º–æ–¥–µ–ª–∏—Ä–æ–≤–∞–Ω–...

You may provide a definition with
\DeclareUnicodeCharacter 


! Package inputenc Error: Unicode character —è (U+044F)
(inputenc)                not set up for use with LaTeX.

See the inputenc package documentation for explanation.
Type  H <return>  for immediate help.
 ...                                              
                                                  
l.5 ...–º–∞–ª—å–Ω–æ–º —É–ø—Ä–∞–≤–ª–µ–Ω–∏–∏, –¥–ª—è
                                                   –º–æ–¥–µ–ª–∏—Ä–æ–≤–∞–Ω–∏—...

You may provide a definition with
\DeclareUnicodeCharacter 


! Package inputenc Error: Unicode character –º (U+043C)
(inputenc)                not set up for use with LaTeX.

See the inputenc package documentation for explanation.
Type  H <return>  for immediate help.
 ...                                              
                                                  
l.5 ...∞–ª—å–Ω–æ–º —É–ø—Ä–∞–≤–ª–µ–Ω–∏–∏, –¥–ª—è –º
                                                  –æ–¥–µ–ª–∏—Ä–æ–≤–∞–Ω–∏—è –...

You may provide a definition with
\DeclareUnicodeCharacter 


! Package inputenc Error: Unicode character –æ (U+043E)
(inputenc)                not set up for use with LaTeX.

See the inputenc package documentation for explanation.
Type  H <return>  for immediate help.
 ...                                              
                                                  
l.5 ...ª—å–Ω–æ–º —É–ø—Ä–∞–≤–ª–µ–Ω–∏–∏, –¥–ª—è –º–æ
                                                  –¥–µ–ª–∏—Ä–æ–≤–∞–Ω–∏—è –≤–...

You may provide a definition with
\DeclareUnicodeCharacter 


! Package inputenc Error: Unicode character –¥ (U+0434)
(inputenc)                not set up for use with LaTeX.

See the inputenc package documentation for explanation.
Type  H <return>  for immediate help.
 ...                                              
                                                  
l.5 ...å–Ω–æ–º —É–ø—Ä–∞–≤–ª–µ–Ω–∏–∏, –¥–ª—è –º–æ–¥
                                                  –µ–ª–∏—Ä–æ–≤–∞–Ω–∏—è –≤–ª–...

You may provide a definition with
\DeclareUnicodeCharacter 


! Package inputenc Error: Unicode character –µ (U+0435)
(inputenc)                not set up for use with LaTeX.

See the inputenc package documentation for explanation.
Type  H <return>  for immediate help.
 ...                                              
                                                  
l.5 ...Ω–æ–º —É–ø—Ä–∞–≤–ª–µ–Ω–∏–∏, –¥–ª—è –º–æ–¥–µ
                                                  –ª–∏—Ä–æ–≤–∞–Ω–∏—è –≤–ª–∏—...

You may provide a definition with
\DeclareUnicodeCharacter 


! Package inputenc Error: Unicode character –ª (U+043B)
(inputenc)                not set up for use with LaTeX.

See the inputenc package documentation for explanation.
Type  H <return>  for immediate help.
 ...                                              
                                                  
l.5 ...æ–º —É–ø—Ä–∞–≤–ª–µ–Ω–∏–∏, –¥–ª—è –º–æ–¥–µ–ª
                                                  –∏—Ä–æ–≤–∞–Ω–∏—è –≤–ª–∏—è–...

You may provide a definition with
\DeclareUnicodeCharacter 


! Package inputenc Error: Unicode character –∏ (U+0438)
(inputenc)                not set up for use with LaTeX.

See the inputenc package documentation for explanation.
Type  H <return>  for immediate help.
 ...                                              
                                                  
l.5 ...º —É–ø—Ä–∞–≤–ª–µ–Ω–∏–∏, –¥–ª—è –º–æ–¥–µ–ª–∏
                                                  —Ä–æ–≤–∞–Ω–∏—è –≤–ª–∏—è–Ω–...

You may provide a definition with
\DeclareUnicodeCharacter 


! Package inputenc Error: Unicode character —Ä (U+0440)
(inputenc)                not set up for use with LaTeX.

See the inputenc package documentation for explanation.
Type  H <return>  for immediate help.
 ...                                              
                                                  
l.5 ...—É–ø—Ä–∞–≤–ª–µ–Ω–∏–∏, –¥–ª—è –º–æ–¥–µ–ª–∏—Ä
                                                  –æ–≤–∞–Ω–∏—è –≤–ª–∏—è–Ω–∏—...

You may provide a definition with
\DeclareUnicodeCharacter 


! Package inputenc Error: Unicode character –æ (U+043E)
(inputenc)                not set up for use with LaTeX.

See the inputenc package documentation for explanation.
Type  H <return>  for immediate help.
 ...                                              
                                                  
l.5 ...–ø—Ä–∞–≤–ª–µ–Ω–∏–∏, –¥–ª—è –º–æ–¥–µ–ª–∏—Ä–æ
                                                  –≤–∞–Ω–∏—è –≤–ª–∏—è–Ω–∏—è ...

You may provide a definition with
\DeclareUnicodeCharacter 


! Package inputenc Error: Unicode character –≤ (U+0432)
(inputenc)                not set up for use with LaTeX.

See the inputenc package documentation for explanation.
Type  H <return>  for immediate help.
 ...                                              
                                                  
l.5 ...—Ä–∞–≤–ª–µ–Ω–∏–∏, –¥–ª—è –º–æ–¥–µ–ª–∏—Ä–æ–≤
                                                  –∞–Ω–∏—è –≤–ª–∏—è–Ω–∏—è –∞...

You may provide a definition with
\DeclareUnicodeCharacter 


! Package inputenc Error: Unicode character –∞ (U+0430)
(inputenc)                not set up for use with LaTeX.

See the inputenc package documentation for explanation.
Type  H <return>  for immediate help.
 ...                                              
                                                  
l.5 ...–∞–≤–ª–µ–Ω–∏–∏, –¥–ª—è –º–æ–¥–µ–ª–∏—Ä–æ–≤–∞
                                                  –Ω–∏—è –≤–ª–∏—è–Ω–∏—è –∞–≥...

You may provide a definition with
\DeclareUnicodeCharacter 


! Package inputenc Error: Unicode character –Ω (U+043D)
(inputenc)                not set up for use with LaTeX.

See the inputenc package documentation for explanation.
Type  H <return>  for immediate help.
 ...                                              
                                                  
l.5 ...–≤–ª–µ–Ω–∏–∏, –¥–ª—è –º–æ–¥–µ–ª–∏—Ä–æ–≤–∞–Ω
                                                  –∏—è –≤–ª–∏—è–Ω–∏—è –∞–≥–µ...

You may provide a definition with
\DeclareUnicodeCharacter 


! Package inputenc Error: Unicode character –∏ (U+0438)
(inputenc)                not set up for use with LaTeX.

See the inputenc package documentation for explanation.
Type  H <return>  for immediate help.
 ...                                              
                                                  
l.5 ...–ª–µ–Ω–∏–∏, –¥–ª—è –º–æ–¥–µ–ª–∏—Ä–æ–≤–∞–Ω–∏
                                                  —è –≤–ª–∏—è–Ω–∏—è –∞–≥–µ–Ω...

You may provide a definition with
\DeclareUnicodeCharacter 


! Package inputenc Error: Unicode character —è (U+044F)
(inputenc)                not set up for use with LaTeX.

See the inputenc package documentation for explanation.
Type  H <return>  for immediate help.
 ...                                              
                                                  
l.5 ...–µ–Ω–∏–∏, –¥–ª—è –º–æ–¥–µ–ª–∏—Ä–æ–≤–∞–Ω–∏—è
                                                   –≤–ª–∏—è–Ω–∏—è –∞–≥–µ–Ω—Ç...

You may provide a definition with
\DeclareUnicodeCharacter 


! Package inputenc Error: Unicode character –≤ (U+0432)
(inputenc)                not set up for use with LaTeX.

See the inputenc package documentation for explanation.
Type  H <return>  for immediate help.
 ...                                              
                                                  
l.5 ...Ω–∏–∏, –¥–ª—è –º–æ–¥–µ–ª–∏—Ä–æ–≤–∞–Ω–∏—è –≤
                                                  –ª–∏—è–Ω–∏—è –∞–≥–µ–Ω—Ç–∞ ...

You may provide a definition with
\DeclareUnicodeCharacter 


! Package inputenc Error: Unicode character –ª (U+043B)
(inputenc)                not set up for use with LaTeX.

See the inputenc package documentation for explanation.
Type  H <return>  for immediate help.
 ...                                              
                                                  
l.5 ...∏–∏, –¥–ª—è –º–æ–¥–µ–ª–∏—Ä–æ–≤–∞–Ω–∏—è –≤–ª
                                                  –∏—è–Ω–∏—è –∞–≥–µ–Ω—Ç–∞ –Ω...

You may provide a definition with
\DeclareUnicodeCharacter 


! Package inputenc Error: Unicode character –∏ (U+0438)
(inputenc)                not set up for use with LaTeX.

See the inputenc package documentation for explanation.
Type  H <return>  for immediate help.
 ...                                              
                                                  
l.5 ...∏, –¥–ª—è –º–æ–¥–µ–ª–∏—Ä–æ–≤–∞–Ω–∏—è –≤–ª–∏
                                                  —è–Ω–∏—è –∞–≥–µ–Ω—Ç–∞ –Ω–∞...

You may provide a definition with
\DeclareUnicodeCharacter 


! Package inputenc Error: Unicode character —è (U+044F)
(inputenc)                not set up for use with LaTeX.

See the inputenc package documentation for explanation.
Type  H <return>  for immediate help.
 ...                                              
                                                  
l.5 ... –¥–ª—è –º–æ–¥–µ–ª–∏—Ä–æ–≤–∞–Ω–∏—è –≤–ª–∏—è
                                                  –Ω–∏—è –∞–≥–µ–Ω—Ç–∞ –Ω–∞ —...

You may provide a definition with
\DeclareUnicodeCharacter 


! Package inputenc Error: Unicode character –Ω (U+043D)
(inputenc)                not set up for use with LaTeX.

See the inputenc package documentation for explanation.
Type  H <return>  for immediate help.
 ...                                              
                                                  
l.5 ...¥–ª—è –º–æ–¥–µ–ª–∏—Ä–æ–≤–∞–Ω–∏—è –≤–ª–∏—è–Ω
                                                  –∏—è –∞–≥–µ–Ω—Ç–∞ –Ω–∞ —Å—...

You may provide a definition with
\DeclareUnicodeCharacter 


! Package inputenc Error: Unicode character –∏ (U+0438)
(inputenc)                not set up for use with LaTeX.

See the inputenc package documentation for explanation.
Type  H <return>  for immediate help.
 ...                                              
                                                  
l.5 ...ª—è –º–æ–¥–µ–ª–∏—Ä–æ–≤–∞–Ω–∏—è –≤–ª–∏—è–Ω–∏
                                                  —è –∞–≥–µ–Ω—Ç–∞ –Ω–∞ —Å—Ä–...

You may provide a definition with
\DeclareUnicodeCharacter 


! Package inputenc Error: Unicode character —è (U+044F)
(inputenc)                not set up for use with LaTeX.

See the inputenc package documentation for explanation.
Type  H <return>  for immediate help.
 ...                                              
                                                  
l.5 ...è –º–æ–¥–µ–ª–∏—Ä–æ–≤–∞–Ω–∏—è –≤–ª–∏—è–Ω–∏—è
                                                   –∞–≥–µ–Ω—Ç–∞ –Ω–∞ —Å—Ä–µ–...

You may provide a definition with
\DeclareUnicodeCharacter 


! Package inputenc Error: Unicode character –∞ (U+0430)
(inputenc)                not set up for use with LaTeX.

See the inputenc package documentation for explanation.
Type  H <return>  for immediate help.
 ...                                              
                                                  
l.5 ...º–æ–¥–µ–ª–∏—Ä–æ–≤–∞–Ω–∏—è –≤–ª–∏—è–Ω–∏—è –∞
                                                  –≥–µ–Ω—Ç–∞ –Ω–∞ —Å—Ä–µ–¥—É...

You may provide a definition with
\DeclareUnicodeCharacter 


! Package inputenc Error: Unicode character –≥ (U+0433)
(inputenc)                not set up for use with LaTeX.

See the inputenc package documentation for explanation.
Type  H <return>  for immediate help.
 ...                                              
                                                  
l.5 ...æ–¥–µ–ª–∏—Ä–æ–≤–∞–Ω–∏—è –≤–ª–∏—è–Ω–∏—è –∞–≥
                                                  –µ–Ω—Ç–∞ –Ω–∞ —Å—Ä–µ–¥—É –...

You may provide a definition with
\DeclareUnicodeCharacter 


! Package inputenc Error: Unicode character –µ (U+0435)
(inputenc)                not set up for use with LaTeX.

See the inputenc package documentation for explanation.
Type  H <return>  for immediate help.
 ...                                              
                                                  
l.5 ...¥–µ–ª–∏—Ä–æ–≤–∞–Ω–∏—è –≤–ª–∏—è–Ω–∏—è –∞–≥–µ
                                                  –Ω—Ç–∞ –Ω–∞ —Å—Ä–µ–¥—É –≤ ...

You may provide a definition with
\DeclareUnicodeCharacter 


! Package inputenc Error: Unicode character –Ω (U+043D)
(inputenc)                not set up for use with LaTeX.

See the inputenc package documentation for explanation.
Type  H <return>  for immediate help.
 ...                                              
                                                  
l.5 ...µ–ª–∏—Ä–æ–≤–∞–Ω–∏—è –≤–ª–∏—è–Ω–∏—è –∞–≥–µ–Ω
                                                  —Ç–∞ –Ω–∞ —Å—Ä–µ–¥—É –≤ –≤...

You may provide a definition with
\DeclareUnicodeCharacter 


! Package inputenc Error: Unicode character —Ç (U+0442)
(inputenc)                not set up for use with LaTeX.

See the inputenc package documentation for explanation.
Type  H <return>  for immediate help.
 ...                                              
                                                  
l.5 ...ª–∏—Ä–æ–≤–∞–Ω–∏—è –≤–ª–∏—è–Ω–∏—è –∞–≥–µ–Ω—Ç
                                                  –∞ –Ω–∞ —Å—Ä–µ–¥—É –≤ –≤–µ...

You may provide a definition with
\DeclareUnicodeCharacter 


! Package inputenc Error: Unicode character –∞ (U+0430)
(inputenc)                not set up for use with LaTeX.

See the inputenc package documentation for explanation.
Type  H <return>  for immediate help.
 ...                                              
                                                  
l.5 ...∏—Ä–æ–≤–∞–Ω–∏—è –≤–ª–∏—è–Ω–∏—è –∞–≥–µ–Ω—Ç–∞
                                                   –Ω–∞ —Å—Ä–µ–¥—É –≤ –≤–µ—Ä...

You may provide a definition with
\DeclareUnicodeCharacter 


! Package inputenc Error: Unicode character –Ω (U+043D)
(inputenc)                not set up for use with LaTeX.

See the inputenc package documentation for explanation.
Type  H <return>  for immediate help.
 ...                                              
                                                  
l.5 ...–æ–≤–∞–Ω–∏—è –≤–ª–∏—è–Ω–∏—è –∞–≥–µ–Ω—Ç–∞ –Ω
                                                  –∞ —Å—Ä–µ–¥—É –≤ –≤–µ—Ä–æ—...

You may provide a definition with
\DeclareUnicodeCharacter 


! Package inputenc Error: Unicode character –∞ (U+0430)
(inputenc)                not set up for use with LaTeX.

See the inputenc package documentation for explanation.
Type  H <return>  for immediate help.
 ...                                              
                                                  
l.5 ...–≤–∞–Ω–∏—è –≤–ª–∏—è–Ω–∏—è –∞–≥–µ–Ω—Ç–∞ –Ω–∞
                                                   —Å—Ä–µ–¥—É –≤ –≤–µ—Ä–æ—è—...

You may provide a definition with
\DeclareUnicodeCharacter 


! Package inputenc Error: Unicode character —Å (U+0441)
(inputenc)                not set up for use with LaTeX.

See the inputenc package documentation for explanation.
Type  H <return>  for immediate help.
 ...                                              
                                                  
l.5 ...∞–Ω–∏—è –≤–ª–∏—è–Ω–∏—è –∞–≥–µ–Ω—Ç–∞ –Ω–∞ —Å
                                                  —Ä–µ–¥—É –≤ –≤–µ—Ä–æ—è—Ç–Ω...
(That makes 100 errors; please try again.) 
Here is how much of TeX's memory you used:
 40 strings out of 481239
 708 string characters out of 5920377
 236562 words of memory out of 5000000
 15407 multiletter control sequences out of 15000+600000
 532338 words of font info for 24 fonts, out of 8000000 for 9000
 1141 hyphenation exceptions out of 8191
 12i,0n,15p,432b,34s stack positions out of 5000i,500n,10000p,200000b,80000s

!  ==> Fatal error occurred, no output PDF file produced!
